  BinarySearchTree.cpp
C:\Users\Хозяин PC\Documents\GitHub\-\laba3\laba3\BinarySearchTree.h(20,13): error C3646: create_dft_iterator: неизвестный спецификатор переопределения
C:\Users\Хозяин PC\Documents\GitHub\-\laba3\laba3\BinarySearchTree.h(20,32): error C2059: синтаксическая ошибка: (
C:\Users\Хозяин PC\Documents\GitHub\-\laba3\laba3\BinarySearchTree.h(20,34): error C2238: непредвиденные лексемы перед ";"
C:\Users\Хозяин PC\Documents\GitHub\-\laba3\laba3\BinarySearchTree.h(21,13): error C3646: create_bft_iterator: неизвестный спецификатор переопределения
C:\Users\Хозяин PC\Documents\GitHub\-\laba3\laba3\BinarySearchTree.h(21,32): error C2059: синтаксическая ошибка: (
C:\Users\Хозяин PC\Documents\GitHub\-\laba3\laba3\BinarySearchTree.h(21,34): error C2238: непредвиденные лексемы перед ";"
C:\Users\Хозяин PC\Documents\GitHub\-\laba3\laba3\BinarySearchTree.h(54,6): error C2143: синтаксическая ошибка: отсутствие ";" перед "*"
C:\Users\Хозяин PC\Documents\GitHub\-\laba3\laba3\BinarySearchTree.h(54,6): error C4430: отсутствует спецификатор типа - предполагается int. Примечание. C++ не поддерживает int по умолчанию
C:\Users\Хозяин PC\Documents\GitHub\-\laba3\laba3\BinarySearchTree.h(54,18): error C2238: непредвиденные лексемы перед ";"
C:\Users\Хозяин PC\Documents\GitHub\-\laba3\laba3\BinarySearchTree.h(56,6): error C2143: синтаксическая ошибка: отсутствие ";" перед "*"
C:\Users\Хозяин PC\Documents\GitHub\-\laba3\laba3\BinarySearchTree.h(56,6): error C4430: отсутствует спецификатор типа - предполагается int. Примечание. C++ не поддерживает int по умолчанию
C:\Users\Хозяин PC\Documents\GitHub\-\laba3\laba3\BinarySearchTree.h(56,22): error C2238: непредвиденные лексемы перед ";"
C:\Users\Хозяин PC\Documents\GitHub\-\laba3\laba3\BinarySearchTree.cpp(6,2): error C2065: head: необъявленный идентификатор
C:\Users\Хозяин PC\Documents\GitHub\-\laba3\laba3\BinarySearchTree.cpp(16,6): error C2065: head: необъявленный идентификатор
C:\Users\Хозяин PC\Documents\GitHub\-\laba3\laba3\BinarySearchTree.cpp(18,19): error C2065: head: необъявленный идентификатор
C:\Users\Хозяин PC\Documents\GitHub\-\laba3\laba3\BinarySearchTree.cpp(19,10): error C2065: head: необъявленный идентификатор
C:\Users\Хозяин PC\Documents\GitHub\-\laba3\laba3\BinarySearchTree.cpp(19,14): error C2541: delete: нельзя удалять объекты, не являющиеся указателями
C:\Users\Хозяин PC\Documents\GitHub\-\laba3\laba3\BinarySearchTree.cpp(20,3): error C2065: head: необъявленный идентификатор
C:\Users\Хозяин PC\Documents\GitHub\-\laba3\laba3\BinarySearchTree.cpp(44,19): error C2065: head: необъявленный идентификатор
C:\Users\Хозяин PC\Documents\GitHub\-\laba3\laba3\BinarySearchTree.cpp(56,7): error C2065: head: необъявленный идентификатор
C:\Users\Хозяин PC\Documents\GitHub\-\laba3\laba3\BinarySearchTree.cpp(56,13): error C2065: head: необъявленный идентификатор
C:\Users\Хозяин PC\Documents\GitHub\-\laba3\laba3\BinarySearchTree.cpp(59,19): error C2065: head: необъявленный идентификатор
C:\Users\Хозяин PC\Documents\GitHub\-\laba3\laba3\BinarySearchTree.cpp(66,16): error C2039: "get_head": не является членом "MyQueue".
C:\Users\Хозяин PC\Documents\GitHub\-\laba3\laba3\BinarySearchTree.h(43): message : см. объявление "MyQueue"
C:\Users\Хозяин PC\Documents\GitHub\-\laba3\laba3\BinarySearchTree.cpp(68,9): error C2065: head: необъявленный идентификатор
C:\Users\Хозяин PC\Documents\GitHub\-\laba3\laba3\BinarySearchTree.cpp(71,38): error C2572: MyIterator::MyIterator: переопределение аргумента по умолчанию: параметр 1
C:\Users\Хозяин PC\Documents\GitHub\-\laba3\laba3\BinarySearchTree.h(75): message : см. объявление "MyIterator::MyIterator"
C:\Users\Хозяин PC\Documents\GitHub\-\laba3\laba3\BinarySearchTree.cpp(216,19): error C2039: "create_dft_iterator": не является членом "MyBST".
C:\Users\Хозяин PC\Documents\GitHub\-\laba3\laba3\BinarySearchTree.h(14): message : см. объявление "MyBST"
C:\Users\Хозяин PC\Documents\GitHub\-\laba3\laba3\BinarySearchTree.cpp(218,6): error C2065: head: необъявленный идентификатор
C:\Users\Хозяин PC\Documents\GitHub\-\laba3\laba3\BinarySearchTree.cpp(221,3): error C2065: NodeT: необъявленный идентификатор
C:\Users\Хозяин PC\Documents\GitHub\-\laba3\laba3\BinarySearchTree.cpp(221,10): error C2065: current: необъявленный идентификатор
C:\Users\Хозяин PC\Documents\GitHub\-\laba3\laba3\BinarySearchTree.cpp(221,20): error C2065: head: необъявленный идентификатор
C:\Users\Хозяин PC\Documents\GitHub\-\laba3\laba3\BinarySearchTree.cpp(223,32): error C2563: несоответствие в списке формальных параметров
C:\Users\Хозяин PC\Documents\GitHub\-\laba3\laba3\BinarySearchTree.cpp(225,11): error C2065: current: необъявленный идентификатор
C:\Users\Хозяин PC\Documents\GitHub\-\laba3\laba3\BinarySearchTree.cpp(227,20): error C2065: current: необъявленный идентификатор
C:\Users\Хозяин PC\Documents\GitHub\-\laba3\laba3\BinarySearchTree.cpp(228,5): error C2065: current: необъявленный идентификатор
C:\Users\Хозяин PC\Documents\GitHub\-\laba3\laba3\BinarySearchTree.cpp(228,15): error C2065: current: необъявленный идентификатор
C:\Users\Хозяин PC\Documents\GitHub\-\laba3\laba3\BinarySearchTree.cpp(230,8): error C2065: current: необъявленный идентификатор
C:\Users\Хозяин PC\Documents\GitHub\-\laba3\laba3\BinarySearchTree.cpp(232,20): error C2065: current: необъявленный идентификатор
C:\Users\Хозяин PC\Documents\GitHub\-\laba3\laba3\BinarySearchTree.cpp(233,5): error C2065: current: необъявленный идентификатор
C:\Users\Хозяин PC\Documents\GitHub\-\laba3\laba3\BinarySearchTree.cpp(233,15): error C2065: current: необъявленный идентификатор
C:\Users\Хозяин PC\Documents\GitHub\-\laba3\laba3\BinarySearchTree.cpp(236,24): error C2065: current: необъявленный идентификатор
C:\Users\Хозяин PC\Documents\GitHub\-\laba3\laba3\BinarySearchTree.cpp(237,11): error C2065: current: необъявленный идентификатор
C:\Users\Хозяин PC\Documents\GitHub\-\laba3\laba3\BinarySearchTree.cpp(237,51): error C2563: несоответствие в списке формальных параметров
C:\Users\Хозяин PC\Documents\GitHub\-\laba3\laba3\BinarySearchTree.cpp(239,40): error C2065: current: необъявленный идентификатор
C:\Users\Хозяин PC\Documents\GitHub\-\laba3\laba3\BinarySearchTree.cpp(239,50): error C2065: current: необъявленный идентификатор
C:\Users\Хозяин PC\Documents\GitHub\-\laba3\laba3\BinarySearchTree.cpp(240,9): error C2065: current: необъявленный идентификатор
C:\Users\Хозяин PC\Documents\GitHub\-\laba3\laba3\BinarySearchTree.cpp(240,33): error C2065: current: необъявленный идентификатор
C:\Users\Хозяин PC\Documents\GitHub\-\laba3\laba3\BinarySearchTree.cpp(242,10): error C2065: current: необъявленный идентификатор
C:\Users\Хозяин PC\Documents\GitHub\-\laba3\laba3\BinarySearchTree.cpp(243,7): error C2065: current: необъявленный идентификатор
C:\Users\Хозяин PC\Documents\GitHub\-\laba3\laba3\BinarySearchTree.cpp(243,17): error C2065: current: необъявленный идентификатор
C:\Users\Хозяин PC\Documents\GitHub\-\laba3\laba3\BinarySearchTree.cpp(247,10): error C2065: current: необъявленный идентификатор
C:\Users\Хозяин PC\Documents\GitHub\-\laba3\laba3\BinarySearchTree.cpp(247,20): error C2065: current: необъявленный идентификатор
C:\Users\Хозяин PC\Documents\GitHub\-\laba3\laba3\BinarySearchTree.cpp(249,8): error C2065: current: необъявленный идентификатор
C:\Users\Хозяин PC\Documents\GitHub\-\laba3\laba3\BinarySearchTree.cpp(250,5): error C2065: current: необъявленный идентификатор
C:\Users\Хозяин PC\Documents\GitHub\-\laba3\laba3\BinarySearchTree.cpp(250,15): error C2065: current: необъявленный идентификатор
C:\Users\Хозяин PC\Documents\GitHub\-\laba3\laba3\BinarySearchTree.cpp(253,26): error C2039: "get_head": не является членом "MyQueue".
C:\Users\Хозяин PC\Documents\GitHub\-\laba3\laba3\BinarySearchTree.h(43): message : см. объявление "MyQueue"
